<?xml version="1.0" encoding="UTF-8"?>
<!-- Generated by org.testng.reporters.JUnitReportReporter -->
<testsuite hostname="ATLS-AA04" failures="0" tests="1" name="axx.playOn.automation.HomePagePlayonTest" time="30.598" errors="0" timestamp="2022-02-05T17:22:00 IST" skipped="0">
  <testcase classname="axx.playOn.automation.HomePagePlayonTest" name="clickOnBusinessPartnerTest" time="30.598"/>
  <system-out/>
</testsuite> <!-- axx.playOn.automation.HomePagePlayonTest -->
