<?xml version="1.0" encoding="UTF-8"?>
<!-- Generated by org.testng.reporters.JUnitReportReporter -->
<testsuite hostname="ATLS-AA04" failures="0" tests="2" name="axx.playOn.automation.RegisterPageTest" time="82.113" errors="0" timestamp="2022-02-05T17:22:00 IST" skipped="0">
  <testcase classname="axx.playOn.automation.RegisterPageTest" name="verifyRegisterText" time="35.075"/>
  <system-out/>
  <testcase classname="axx.playOn.automation.RegisterPageTest" name="clickOnRegister" time="47.038"/>
  <system-out/>
</testsuite> <!-- axx.playOn.automation.RegisterPageTest -->
