<?xml version="1.0" encoding="UTF-8"?>
<!-- Generated by org.testng.reporters.JUnitReportReporter -->
<testsuite hostname="ATLS-AA04" failures="0" tests="1" name="axx.playOn.automation.WelcomeTest" time="19.892" errors="0" timestamp="2022-02-02T15:15:05 IST" skipped="0">
  <testcase classname="axx.playOn.automation.WelcomeTest" name="login" time="19.892"/>
  <system-out/>
</testsuite> <!-- axx.playOn.automation.WelcomeTest -->
