<?xml version="1.0" encoding="UTF-8"?>
<!-- Generated by org.testng.reporters.JUnitReportReporter -->
<testsuite hostname="ATLS-AA04" failures="0" tests="2" name="axx.playOn.automation.businessPartnerRegistrationPageTest" time="107.567" errors="0" timestamp="2022-02-05T17:22:00 IST" skipped="0">
  <testcase classname="axx.playOn.automation.businessPartnerRegistrationPageTest" name="verifyRegisterText" time="56.625"/>
  <system-out/>
  <testcase classname="axx.playOn.automation.businessPartnerRegistrationPageTest" name="clickOnRegister" time="50.942"/>
  <system-out/>
</testsuite> <!-- axx.playOn.automation.businessPartnerRegistrationPageTest -->
