<?xml version="1.0" encoding="UTF-8"?>
<!-- Generated by org.testng.reporters.JUnitReportReporter -->
<testsuite hostname="ATLS-AA04" failures="0" tests="2" name="axx.playOn.automation.LoginPagePlayonTest" time="41.720" errors="0" timestamp="2022-02-05T17:22:00 IST" skipped="0">
  <testcase classname="axx.playOn.automation.LoginPagePlayonTest" name="verifyLoginText" time="14.397"/>
  <system-out/>
  <testcase classname="axx.playOn.automation.LoginPagePlayonTest" name="login" time="27.323"/>
  <system-out/>
</testsuite> <!-- axx.playOn.automation.LoginPagePlayonTest -->
